{"level":"info","time":"23-7-2018  11:54:2","msg":"my message","desc":"","stg":"101","file":"E:\\Shubham_Library\\GitHub\\fe-erp-server\\fe-erp-server\\fe-server\\lib\\helpers\\tracer\\index.js:73:15)","line":"73"}
{"level":"info","time":"23-7-2018  11:59:33","msg":"my message","desc":"","stg":"101","file":"E:\\Shubham_Library\\GitHub\\fe-erp-server\\fe-erp-server\\fe-server\\lib\\helpers\\tracer\\index.js:73:15)","line":"73"}
{"level":"info","time":"23-7-2018  12:2:45","msg":"my message","desc":"","stg":"101","file":"E:\\Shubham_Library\\GitHub\\fe-erp-server\\fe-erp-server\\fe-server\\lib\\helpers\\tracer\\index.js:73:15)","line":"73"}
{"level":"info","time":"23-7-2018  12:2:49","msg":"my message","desc":"","stg":"101","file":"E:\\Shubham_Library\\GitHub\\fe-erp-server\\fe-erp-server\\fe-server\\lib\\helpers\\tracer\\index.js:73:15)","line":"73"}
{"level":"info","time":"23-7-2018  12:3:32","msg":"my new message","desc":"","stg":"101","file":"E:\\Shubham_Library\\GitHub\\fe-erp-server\\fe-erp-server\\fe-server\\lib\\helpers\\tracer\\index.js:73:15)","line":"73"}
{"level":"info","time":"23-7-2018  12:5:28","msg":"my new message","desc":"","stg":"101","file":"E:\\Shubham_Library\\GitHub\\fe-erp-server\\fe-erp-server\\fe-server\\lib\\helpers\\tracer\\index.js:73:15)","line":"73"}
{"level":"info","time":"23-7-2018  12:13:41","msg":"my new message","desc":"","stg":"101","file":"E:\\Shubham_Library\\GitHub\\fe-erp-server\\fe-erp-server\\fe-server\\lib\\helpers\\tracer\\index.js:73:15)","line":"73"}
{"level":"info","time":"23-7-2018  12:14:21","msg":"my new message","desc":"","stg":"101","file":"E:\\Shubham_Library\\GitHub\\fe-erp-server\\fe-erp-server\\fe-server\\lib\\helpers\\tracer\\index.js:73:15)","line":"73"}
{"level":"info","time":"23-7-2018  12:14:55","msg":"my new message","desc":"","stg":"101","file":"E:\\Shubham_Library\\GitHub\\fe-erp-server\\fe-erp-server\\fe-server\\lib\\helpers\\tracer\\index.js:73:15)","line":"73"}
{"level":"info","time":"23-7-2018  12:16:5","msg":"my new message","desc":"","stg":"101","file":"E:\\Shubham_Library\\GitHub\\fe-erp-server\\fe-erp-server\\fe-server\\lib\\helpers\\tracer\\index.js:73:15)","line":"73"}
{"level":"info","time":"23-7-2018  12:17:31","msg":"my new message","desc":"","stg":"101","file":"E:\\Shubham_Library\\GitHub\\fe-erp-server\\fe-erp-server\\fe-server\\lib\\helpers\\tracer\\index.js:73:15)","line":"73"}
{"level":"info","time":"23-7-2018  12:18:53","msg":"my new message","desc":"","stg":"101","file":"E:\\Shubham_Library\\GitHub\\fe-erp-server\\fe-erp-server\\fe-server\\lib\\helpers\\tracer\\index.js:73:15)","line":"73"}
{"level":"info","time":"23-7-2018  12:27:54","msg":"my new message","desc":"","stg":"101","file":"E:\\Shubham_Library\\GitHub\\fe-erp-server\\fe-erp-server\\fe-server\\lib\\helpers\\tracer\\index.js:73:15)","line":"73"}
{"level":"info","time":"23-7-2018  12:38:2","msg":"my new message","desc":"","stg":"101","file":"E:\\Shubham_Library\\GitHub\\fe-erp-server\\fe-erp-server\\fe-server\\lib\\helpers\\tracer\\index.js:73:15)","line":"73"}
{"level":"info","time":"2018-07-23 13:07:93","msg":"my new message","desc":"","stg":"101","file":"E:\\Shubham_Library\\GitHub\\fe-erp-server\\fe-erp-server\\fe-server\\index.js:43:30","line":"43"}
{"level":"info","time":"2018-07-23 13:07:06","msg":"my new message","desc":"","stg":"101","file":"E:\\Shubham_Library\\GitHub\\fe-erp-server\\fe-erp-server\\fe-server\\index.js:43:30","line":"43"}
{"level":"info","time":"2018-07-23 13:07:04","msg":"my new message","desc":"","stg":"101","file":"E:\\Shubham_Library\\GitHub\\fe-erp-server\\fe-erp-server\\fe-server\\index.js:43:30","line":"43"}
{"level":"info","time":"2018-07-23 13:07:59","msg":"my new message","desc":"","stg":"101","file":"E:\\Shubham_Library\\GitHub\\fe-erp-server\\fe-erp-server\\fe-server\\index.js:43:30","line":"43"}
{"level":"info","time":"2018-07-23 13:07:52","msg":"my new message","desc":"","stg":"101","file":"E:\\Shubham_Library\\GitHub\\fe-erp-server\\fe-erp-server\\fe-server\\index.js:43:30","line":"43"}
{"level":"info","time":"2018-07-23 13:07:94","msg":"my new message","desc":"","stg":"101","file":"E:\\Shubham_Library\\GitHub\\fe-erp-server\\fe-erp-server\\fe-server\\index.js:43:30","line":"43"}
{"level":"info","time":"2018-07-23 13:07:36","msg":"my new message","desc":"","stg":"101","file":"E:\\Shubham_Library\\GitHub\\fe-erp-server\\fe-erp-server\\fe-server\\index.js:43:30","line":"43"}
{"level":"info","time":"2018-07-23 13:07:26","msg":"my new message","desc":"","stg":"101","file":"E:\\Shubham_Library\\GitHub\\fe-erp-server\\fe-erp-server\\fe-server\\index.js:43:30","line":"43"}
{"level":"info","time":"2018-07-23 13:07:10","msg":"my new message","desc":"","stg":"101","file":"E:\\Shubham_Library\\GitHub\\fe-erp-server\\fe-erp-server\\fe-server\\index.js:43:30","line":"43"}
{"level":"info","time":"2018-07-23 13:07:13","msg":"my new message","desc":"","stg":"101","file":"E:\\Shubham_Library\\GitHub\\fe-erp-server\\fe-erp-server\\fe-server\\index.js:43:30","line":"43"}
{"level":"info","time":"2018-07-23 13:07:48","msg":"my new message","desc":"","stg":"101","file":"E:\\Shubham_Library\\GitHub\\fe-erp-server\\fe-erp-server\\fe-server\\index.js:43:30","line":"43"}
{"level":"info","time":"2018-07-23 13:07:62","msg":"my new message","desc":"","stg":"101","file":"E:\\Shubham_Library\\GitHub\\fe-erp-server\\fe-erp-server\\fe-server\\index.js:43:30","line":"43"}
{"level":"info","time":"2018-07-23 13:07:02","msg":"my new message","desc":"","stg":"101","file":"E:\\Shubham_Library\\GitHub\\fe-erp-server\\fe-erp-server\\fe-server\\index.js:43:30","line":"43"}
{"level":"info","time":"2018-07-23 13:07:81","msg":"my new message","desc":"","stg":"101","file":"E:\\Shubham_Library\\GitHub\\fe-erp-server\\fe-erp-server\\fe-server\\index.js:43:30","line":"43"}
{"level":"info","time":"2018-07-23 13:07:52","msg":"my new message","desc":"","stg":"101","file":"E:\\Shubham_Library\\GitHub\\fe-erp-server\\fe-erp-server\\fe-server\\index.js:43:30","line":"43"}
{"level":"info","time":"2018-07-23 13:07:88","msg":"my new message","desc":"","stg":"101","file":"E:\\Shubham_Library\\GitHub\\fe-erp-server\\fe-erp-server\\fe-server\\index.js:43:30","line":"43"}
{"level":"info","time":"2018-07-23 13:07:24","msg":"my new message","desc":"","stg":"101","file":"E:\\Shubham_Library\\GitHub\\fe-erp-server\\fe-erp-server\\fe-server\\index.js:43:30","line":"43"}
{"level":"info","time":"2018-07-23 13:07:24","msg":"my new message","desc":"","stg":"101","file":"/Users/chiragbansal/Desktop/FlexiEle-Angular/fe-erp-server/fe-server/index.js:43:30","line":"43"}
<<<<<<< HEAD
{"level":"info","time":"2018-07-23 13:07:74","msg":"my new message","desc":"","stg":"101","file":"/Users/chiragbansal/Desktop/FlexiEle-Angular/fe-erp-server/fe-server/index.js:43:30","line":"43"}
{"level":"info","time":"2018-07-23 14:07:15","msg":"my new message","desc":"","stg":"101","file":"/Users/chiragbansal/Desktop/FlexiEle-Angular/fe-erp-server/fe-server/index.js:43:30","line":"43"}
{"level":"info","time":"2018-07-23 14:07:29","msg":"my new message","desc":"","stg":"101","file":"/Users/chiragbansal/Desktop/FlexiEle-Angular/fe-erp-server/fe-server/index.js:43:30","line":"43"}
{"level":"info","time":"2018-07-23 16:07:02","msg":"my new message","desc":"","stg":"101","file":"/Users/chiragbansal/Desktop/FlexiEle-Angular/fe-erp-server/fe-server/index.js:43:30","line":"43"}
=======
<<<<<<< HEAD
{"level":"info","time":"2018-07-23 15:07:77","msg":"my new message","desc":"","stg":"101","file":"C:\\Users\\Sahil\\Desktop\\fe-server\\fe-erp-server\\fe-server\\index.js:43:30","line":"43"}
{"level":"info","time":"2018-07-23 15:07:11","msg":"my new message","desc":"","stg":"101","file":"C:\\Users\\Sahil\\Desktop\\fe-server\\fe-erp-server\\fe-server\\index.js:43:30","line":"43"}
{"level":"info","time":"2018-07-23 15:07:27","msg":"my new message","desc":"","stg":"101","file":"C:\\Users\\Sahil\\Desktop\\fe-server\\fe-erp-server\\fe-server\\index.js:43:30","line":"43"}
{"level":"info","time":"2018-07-23 15:07:50","msg":"my new message","desc":"","stg":"101","file":"C:\\Users\\Sahil\\Desktop\\fe-server\\fe-erp-server\\fe-server\\index.js:43:30","line":"43"}
{"level":"info","time":"2018-07-23 15:07:32","msg":"my new message","desc":"","stg":"101","file":"C:\\Users\\Sahil\\Desktop\\fe-server\\fe-erp-server\\fe-server\\index.js:43:30","line":"43"}
{"level":"info","time":"2018-07-23 15:07:71","msg":"my new message","desc":"","stg":"101","file":"C:\\Users\\Sahil\\Desktop\\fe-server\\fe-erp-server\\fe-server\\index.js:43:30","line":"43"}
{"level":"info","time":"2018-07-23 15:07:52","msg":"my new message","desc":"","stg":"101","file":"C:\\Users\\Sahil\\Desktop\\fe-server\\fe-erp-server\\fe-server\\index.js:43:30","line":"43"}
=======
{"level":"info","time":"2018-07-23 14:07:21","msg":"my new message","desc":"","stg":"101","file":"/home/properchels/Documents/flexiEle/fe-server-sir/fe-erp-server/fe-server/index.js:43:30","line":"43"}
{"level":"info","time":"2018-07-23 14:07:33","msg":"my new message","desc":"","stg":"101","file":"/home/properchels/Documents/flexiEle/fe-server-sir/fe-erp-server/fe-server/index.js:43:30","line":"43"}
{"level":"info","time":"2018-07-23 15:07:55","msg":"my new message","desc":"","stg":"101","file":"/home/properchels/Documents/flexiEle/fe-server-sir/fe-erp-server/fe-server/index.js:43:30","line":"43"}
{"level":"info","time":"2018-07-23 15:07:55","msg":"my new message","desc":"","stg":"101","file":"/home/properchels/Documents/flexiEle/fe-server-sir/fe-erp-server/fe-server/index.js:43:30","line":"43"}
{"level":"info","time":"2018-07-23 15:07:92","msg":"my new message","desc":"","stg":"101","file":"/home/properchels/Documents/flexiEle/fe-server-sir/fe-erp-server/fe-server/index.js:43:30","line":"43"}
{"level":"info","time":"2018-07-23 15:07:60","msg":"my new message","desc":"","stg":"101","file":"/home/properchels/Documents/flexiEle/fe-server-sir/fe-erp-server/fe-server/index.js:43:30","line":"43"}
{"level":"info","time":"2018-07-23 15:07:16","msg":"my new message","desc":"","stg":"101","file":"/home/properchels/Documents/flexiEle/fe-server-sir/fe-erp-server/fe-server/index.js:43:30","line":"43"}
{"level":"info","time":"2018-07-23 15:07:24","msg":"my new message","desc":"","stg":"101","file":"/home/properchels/Documents/flexiEle/fe-server-sir/fe-erp-server/fe-server/index.js:43:30","line":"43"}
{"level":"info","time":"2018-07-23 15:07:16","msg":"my new message","desc":"","stg":"101","file":"/home/properchels/Documents/flexiEle/fe-server-sir/fe-erp-server/fe-server/index.js:43:30","line":"43"}
{"level":"info","time":"2018-07-23 15:07:34","msg":"my new message","desc":"","stg":"101","file":"/home/properchels/Documents/flexiEle/fe-server-sir/fe-erp-server/fe-server/index.js:43:30","line":"43"}
{"level":"info","time":"2018-07-23 15:07:08","msg":"my new message","desc":"","stg":"101","file":"/home/properchels/Documents/flexiEle/fe-server-sir/fe-erp-server/fe-server/index.js:43:30","line":"43"}
{"level":"info","time":"2018-07-23 15:07:87","msg":"my new message","desc":"","stg":"101","file":"/home/properchels/Documents/flexiEle/fe-server-sir/fe-erp-server/fe-server/index.js:43:30","line":"43"}
{"level":"info","time":"2018-07-23 15:07:61","msg":"my new message","desc":"","stg":"101","file":"/home/properchels/Documents/flexiEle/fe-server-sir/fe-erp-server/fe-server/index.js:43:30","line":"43"}
{"level":"info","time":"2018-07-23 15:07:42","msg":"my new message","desc":"","stg":"101","file":"/home/properchels/Documents/flexiEle/fe-server-sir/fe-erp-server/fe-server/index.js:43:30","line":"43"}
>>>>>>> c27513cc6e8e6f460dbf79046d46b120e398cf0c
>>>>>>> 5debf66d2c339ebf0828f2c70bd2d7a85e442549
{"level":"info","time":"2018-07-23 16:07:65","msg":"my new message","desc":"","stg":"101","file":"/Users/chiragbansal/Desktop/FlexiEle-Angular/fe-erp-server/fe-server/index.js:43:30","line":"43"}
{"level":"info","time":"2018-07-23 16:07:83","msg":"my new message","desc":"","stg":"101","file":"/Users/chiragbansal/Desktop/FlexiEle-Angular/fe-erp-server/fe-server/index.js:43:30","line":"43"}
{"level":"info","time":"2018-07-23 16:07:47","msg":"my new message","desc":"","stg":"101","file":"/Users/chiragbansal/Desktop/FlexiEle-Angular/fe-erp-server/fe-server/index.js:43:30","line":"43"}
{"level":"info","time":"2018-07-23 16:07:45","msg":"my new message","desc":"","stg":"101","file":"/Users/chiragbansal/Desktop/FlexiEle-Angular/fe-erp-server/fe-server/index.js:43:30","line":"43"}
{"level":"info","time":"2018-07-23 16:07:50","msg":"my new message","desc":"","stg":"101","file":"/Users/chiragbansal/Desktop/FlexiEle-Angular/fe-erp-server/fe-server/index.js:43:30","line":"43"}
{"level":"info","time":"2018-07-23 16:07:94","msg":"my new message","desc":"","stg":"101","file":"/Users/chiragbansal/Desktop/FlexiEle-Angular/fe-erp-server/fe-server/index.js:43:30","line":"43"}
{"level":"info","time":"2018-07-23 16:07:41","msg":"my new message","desc":"","stg":"101","file":"/Users/chiragbansal/Desktop/FlexiEle-Angular/fe-erp-server/fe-server/index.js:43:30","line":"43"}
{"level":"info","time":"2018-07-23 16:07:47","msg":"my new message","desc":"","stg":"101","file":"/Users/chiragbansal/Desktop/FlexiEle-Angular/fe-erp-server/fe-server/index.js:43:30","line":"43"}
{"level":"info","time":"2018-07-23 17:07:15","msg":"my new message","desc":"","stg":"101","file":"/Users/chiragbansal/Desktop/FlexiEle-Angular/fe-erp-server/fe-server/index.js:43:30","line":"43"}
{"level":"info","time":"2018-07-23 17:07:51","msg":"my new message","desc":"","stg":"101","file":"/Users/chiragbansal/Desktop/FlexiEle-Angular/fe-erp-server/fe-server/index.js:43:30","line":"43"}
{"level":"info","time":"2018-07-23 17:07:91","msg":"my new message","desc":"","stg":"101","file":"/Users/chiragbansal/Desktop/FlexiEle-Angular/fe-erp-server/fe-server/index.js:43:30","line":"43"}
{"level":"info","time":"2018-07-23 17:07:51","msg":"my new message","desc":"","stg":"101","file":"/Users/chiragbansal/Desktop/FlexiEle-Angular/fe-erp-server/fe-server/index.js:43:30","line":"43"}
{"level":"info","time":"2018-07-23 17:07:89","msg":"my new message","desc":"","stg":"101","file":"/Users/chiragbansal/Desktop/FlexiEle-Angular/fe-erp-server/fe-server/index.js:43:30","line":"43"}
{"level":"info","time":"2018-07-23 17:07:65","msg":"my new message","desc":"","stg":"101","file":"/Users/chiragbansal/Desktop/FlexiEle-Angular/fe-erp-server/fe-server/index.js:43:30","line":"43"}
{"level":"info","time":"2018-07-23 17:07:31","msg":"my new message","desc":"","stg":"101","file":"/Users/chiragbansal/Desktop/FlexiEle-Angular/fe-erp-server/fe-server/index.js:43:30","line":"43"}
{"level":"info","time":"2018-07-23 17:07:75","msg":"my new message","desc":"","stg":"101","file":"/Users/chiragbansal/Desktop/FlexiEle-Angular/fe-erp-server/fe-server/index.js:43:30","line":"43"}
{"level":"info","time":"2018-07-23 17:07:31","msg":"my new message","desc":"","stg":"101","file":"/Users/chiragbansal/Desktop/FlexiEle-Angular/fe-erp-server/fe-server/index.js:43:30","line":"43"}
{"level":"info","time":"2018-07-23 17:07:02","msg":"my new message","desc":"","stg":"101","file":"/Users/chiragbansal/Desktop/FlexiEle-Angular/fe-erp-server/fe-server/index.js:43:30","line":"43"}
{"level":"info","time":"2018-07-23 17:07:35","msg":"my new message","desc":"","stg":"101","file":"/Users/chiragbansal/Desktop/FlexiEle-Angular/fe-erp-server/fe-server/index.js:43:30","line":"43"}
{"level":"info","time":"2018-07-23 17:07:83","msg":"my new message","desc":"","stg":"101","file":"/Users/chiragbansal/Desktop/FlexiEle-Angular/fe-erp-server/fe-server/index.js:43:30","line":"43"}
{"level":"info","time":"2018-07-23 17:07:72","msg":"my new message","desc":"","stg":"101","file":"/Users/chiragbansal/Desktop/FlexiEle-Angular/fe-erp-server/fe-server/index.js:43:30","line":"43"}
{"level":"info","time":"2018-07-23 17:07:48","msg":"my new message","desc":"","stg":"101","file":"/Users/chiragbansal/Desktop/FlexiEle-Angular/fe-erp-server/fe-server/index.js:43:30","line":"43"}
{"level":"info","time":"2018-07-23 17:07:43","msg":"my new message","desc":"","stg":"101","file":"/Users/chiragbansal/Desktop/FlexiEle-Angular/fe-erp-server/fe-server/index.js:43:30","line":"43"}
{"level":"info","time":"2018-07-23 17:07:36","msg":"my new message","desc":"","stg":"101","file":"/Users/chiragbansal/Desktop/FlexiEle-Angular/fe-erp-server/fe-server/index.js:43:30","line":"43"}
{"level":"info","time":"2018-07-23 17:07:71","msg":"my new message","desc":"","stg":"101","file":"/Users/chiragbansal/Desktop/FlexiEle-Angular/fe-erp-server/fe-server/index.js:43:30","line":"43"}
{"level":"info","time":"2018-07-23 17:07:30","msg":"my new message","desc":"","stg":"101","file":"/Users/chiragbansal/Desktop/FlexiEle-Angular/fe-erp-server/fe-server/index.js:43:30","line":"43"}
{"level":"info","time":"2018-07-23 17:07:95","msg":"my new message","desc":"","stg":"101","file":"/Users/chiragbansal/Desktop/FlexiEle-Angular/fe-erp-server/fe-server/index.js:43:30","line":"43"}
{"level":"info","time":"2018-07-23 17:07:13","msg":"my new message","desc":"","stg":"101","file":"/Users/chiragbansal/Desktop/FlexiEle-Angular/fe-erp-server/fe-server/index.js:43:30","line":"43"}
{"level":"info","time":"2018-07-23 17:07:72","msg":"my new message","desc":"","stg":"101","file":"/Users/chiragbansal/Desktop/FlexiEle-Angular/fe-erp-server/fe-server/index.js:43:30","line":"43"}
{"level":"info","time":"2018-07-23 17:07:54","msg":"my new message","desc":"","stg":"101","file":"/Users/chiragbansal/Desktop/FlexiEle-Angular/fe-erp-server/fe-server/index.js:43:30","line":"43"}
{"level":"info","time":"2018-07-23 17:07:84","msg":"my new message","desc":"","stg":"101","file":"/Users/chiragbansal/Desktop/FlexiEle-Angular/fe-erp-server/fe-server/index.js:43:30","line":"43"}
{"level":"info","time":"2018-07-23 17:07:01","msg":"my new message","desc":"","stg":"101","file":"/Users/chiragbansal/Desktop/FlexiEle-Angular/fe-erp-server/fe-server/index.js:43:30","line":"43"}
{"level":"info","time":"2018-07-23 17:07:43","msg":"my new message","desc":"","stg":"101","file":"/Users/chiragbansal/Desktop/FlexiEle-Angular/fe-erp-server/fe-server/index.js:43:30","line":"43"}
{"level":"info","time":"2018-07-23 17:07:48","msg":"my new message","desc":"","stg":"101","file":"/Users/chiragbansal/Desktop/FlexiEle-Angular/fe-erp-server/fe-server/index.js:43:30","line":"43"}
{"level":"info","time":"2018-07-23 17:07:99","msg":"my new message","desc":"","stg":"101","file":"/Users/chiragbansal/Desktop/FlexiEle-Angular/fe-erp-server/fe-server/index.js:43:30","line":"43"}
{"level":"info","time":"2018-07-23 17:07:38","msg":"my new message","desc":"","stg":"101","file":"/Users/chiragbansal/Desktop/FlexiEle-Angular/fe-erp-server/fe-server/index.js:43:30","line":"43"}
{"level":"info","time":"2018-07-23 17:07:94","msg":"my new message","desc":"","stg":"101","file":"/Users/chiragbansal/Desktop/FlexiEle-Angular/fe-erp-server/fe-server/index.js:43:30","line":"43"}
{"level":"info","time":"2018-07-23 17:07:81","msg":"my new message","desc":"","stg":"101","file":"/Users/chiragbansal/Desktop/FlexiEle-Angular/fe-erp-server/fe-server/index.js:43:30","line":"43"}
{"level":"info","time":"2018-07-23 17:07:88","msg":"my new message","desc":"","stg":"101","file":"/Users/chiragbansal/Desktop/FlexiEle-Angular/fe-erp-server/fe-server/index.js:43:30","line":"43"}
{"level":"info","time":"2018-07-23 17:07:14","msg":"my new message","desc":"","stg":"101","file":"/Users/chiragbansal/Desktop/FlexiEle-Angular/fe-erp-server/fe-server/index.js:43:30","line":"43"}
{"level":"info","time":"2018-07-23 17:07:45","msg":"my new message","desc":"","stg":"101","file":"/Users/chiragbansal/Desktop/FlexiEle-Angular/fe-erp-server/fe-server/index.js:43:30","line":"43"}
{"level":"info","time":"2018-07-23 17:07:28","msg":"my new message","desc":"","stg":"101","file":"/Users/chiragbansal/Desktop/FlexiEle-Angular/fe-erp-server/fe-server/index.js:43:30","line":"43"}
{"level":"info","time":"2018-07-23 17:07:37","msg":"my new message","desc":"","stg":"101","file":"/Users/chiragbansal/Desktop/FlexiEle-Angular/fe-erp-server/fe-server/index.js:43:30","line":"43"}
{"level":"info","time":"2018-07-23 17:07:47","msg":"my new message","desc":"","stg":"101","file":"/Users/chiragbansal/Desktop/FlexiEle-Angular/fe-erp-server/fe-server/index.js:43:30","line":"43"}
{"level":"info","time":"2018-07-23 17:07:38","msg":"my new message","desc":"","stg":"101","file":"/Users/chiragbansal/Desktop/FlexiEle-Angular/fe-erp-server/fe-server/index.js:43:30","line":"43"}
{"level":"info","time":"2018-07-23 17:07:31","msg":"my new message","desc":"","stg":"101","file":"/Users/chiragbansal/Desktop/FlexiEle-Angular/fe-erp-server/fe-server/index.js:43:30","line":"43"}
{"level":"info","time":"2018-07-23 17:07:71","msg":"my new message","desc":"","stg":"101","file":"/Users/chiragbansal/Desktop/FlexiEle-Angular/fe-erp-server/fe-server/index.js:43:30","line":"43"}
{"level":"info","time":"2018-07-23 17:07:53","msg":"my new message","desc":"","stg":"101","file":"/Users/chiragbansal/Desktop/FlexiEle-Angular/fe-erp-server/fe-server/index.js:43:30","line":"43"}
{"level":"info","time":"2018-07-23 17:07:33","msg":"my new message","desc":"","stg":"101","file":"/Users/chiragbansal/Desktop/FlexiEle-Angular/fe-erp-server/fe-server/index.js:43:30","line":"43"}
{"level":"info","time":"2018-07-23 17:07:77","msg":"my new message","desc":"","stg":"101","file":"/Users/chiragbansal/Desktop/FlexiEle-Angular/fe-erp-server/fe-server/index.js:43:30","line":"43"}
{"level":"info","time":"2018-07-23 17:07:11","msg":"my new message","desc":"","stg":"101","file":"/Users/chiragbansal/Desktop/FlexiEle-Angular/fe-erp-server/fe-server/index.js:43:30","line":"43"}
{"level":"info","time":"2018-07-23 17:07:33","msg":"my new message","desc":"","stg":"101","file":"/Users/chiragbansal/Desktop/FlexiEle-Angular/fe-erp-server/fe-server/index.js:43:30","line":"43"}
{"level":"info","time":"2018-07-23 17:07:72","msg":"my new message","desc":"","stg":"101","file":"/Users/chiragbansal/Desktop/FlexiEle-Angular/fe-erp-server/fe-server/index.js:43:30","line":"43"}
{"level":"info","time":"2018-07-23 17:07:21","msg":"my new message","desc":"","stg":"101","file":"/Users/chiragbansal/Desktop/FlexiEle-Angular/fe-erp-server/fe-server/index.js:43:30","line":"43"}
{"level":"info","time":"2018-07-23 17:07:50","msg":"my new message","desc":"","stg":"101","file":"/Users/chiragbansal/Desktop/FlexiEle-Angular/fe-erp-server/fe-server/index.js:43:30","line":"43"}
{"level":"info","time":"2018-07-23 17:07:42","msg":"my new message","desc":"","stg":"101","file":"/Users/chiragbansal/Desktop/FlexiEle-Angular/fe-erp-server/fe-server/index.js:43:30","line":"43"}
{"level":"info","time":"2018-07-23 17:07:33","msg":"my new message","desc":"","stg":"101","file":"/Users/chiragbansal/Desktop/FlexiEle-Angular/fe-erp-server/fe-server/index.js:43:30","line":"43"}
{"level":"info","time":"2018-07-23 17:07:90","msg":"my new message","desc":"","stg":"101","file":"/Users/chiragbansal/Desktop/FlexiEle-Angular/fe-erp-server/fe-server/index.js:43:30","line":"43"}
{"level":"info","time":"2018-07-23 17:07:48","msg":"my new message","desc":"","stg":"101","file":"/Users/chiragbansal/Desktop/FlexiEle-Angular/fe-erp-server/fe-server/index.js:43:30","line":"43"}
{"level":"info","time":"2018-07-23 17:07:29","msg":"my new message","desc":"","stg":"101","file":"/Users/chiragbansal/Desktop/FlexiEle-Angular/fe-erp-server/fe-server/index.js:43:30","line":"43"}
{"level":"info","time":"2018-07-23 17:07:23","msg":"my new message","desc":"","stg":"101","file":"/Users/chiragbansal/Desktop/FlexiEle-Angular/fe-erp-server/fe-server/index.js:43:30","line":"43"}
{"level":"info","time":"2018-07-23 17:07:16","msg":"my new message","desc":"","stg":"101","file":"/Users/chiragbansal/Desktop/FlexiEle-Angular/fe-erp-server/fe-server/index.js:43:30","line":"43"}
{"level":"info","time":"2018-07-23 17:07:08","msg":"my new message","desc":"","stg":"101","file":"/Users/chiragbansal/Desktop/FlexiEle-Angular/fe-erp-server/fe-server/index.js:43:30","line":"43"}
{"level":"info","time":"2018-07-23 17:07:16","msg":"my new message","desc":"","stg":"101","file":"/Users/chiragbansal/Desktop/FlexiEle-Angular/fe-erp-server/fe-server/index.js:43:30","line":"43"}
{"level":"info","time":"2018-07-23 17:07:44","msg":"my new message","desc":"","stg":"101","file":"/Users/chiragbansal/Desktop/FlexiEle-Angular/fe-erp-server/fe-server/index.js:43:30","line":"43"}
{"level":"info","time":"2018-07-23 17:07:63","msg":"my new message","desc":"","stg":"101","file":"/Users/chiragbansal/Desktop/FlexiEle-Angular/fe-erp-server/fe-server/index.js:43:30","line":"43"}
{"level":"info","time":"2018-07-23 17:07:77","msg":"my new message","desc":"","stg":"101","file":"/Users/chiragbansal/Desktop/FlexiEle-Angular/fe-erp-server/fe-server/index.js:43:30","line":"43"}
{"level":"info","time":"2018-07-23 17:07:95","msg":"my new message","desc":"","stg":"101","file":"/Users/chiragbansal/Desktop/FlexiEle-Angular/fe-erp-server/fe-server/index.js:43:30","line":"43"}
{"level":"info","time":"2018-07-23 18:07:23","msg":"my new message","desc":"","stg":"101","file":"/Users/chiragbansal/Desktop/FlexiEle-Angular/fe-erp-server/fe-server/index.js:43:30","line":"43"}
{"level":"info","time":"2018-07-23 18:07:93","msg":"my new message","desc":"","stg":"101","file":"/Users/chiragbansal/Desktop/FlexiEle-Angular/fe-erp-server/fe-server/index.js:43:30","line":"43"}
{"level":"info","time":"2018-07-23 18:07:98","msg":"my new message","desc":"","stg":"101","file":"/Users/chiragbansal/Desktop/FlexiEle-Angular/fe-erp-server/fe-server/index.js:43:30","line":"43"}
{"level":"info","time":"2018-07-23 18:07:81","msg":"my new message","desc":"","stg":"101","file":"/Users/chiragbansal/Desktop/FlexiEle-Angular/fe-erp-server/fe-server/index.js:43:30","line":"43"}
{"level":"info","time":"2018-07-23 18:07:24","msg":"my new message","desc":"","stg":"101","file":"/Users/chiragbansal/Desktop/FlexiEle-Angular/fe-erp-server/fe-server/index.js:43:30","line":"43"}
{"level":"info","time":"2018-07-23 18:07:59","msg":"my new message","desc":"","stg":"101","file":"/Users/chiragbansal/Desktop/FlexiEle-Angular/fe-erp-server/fe-server/index.js:43:30","line":"43"}
{"level":"info","time":"2018-07-23 18:07:57","msg":"my new message","desc":"","stg":"101","file":"/Users/chiragbansal/Desktop/FlexiEle-Angular/fe-erp-server/fe-server/index.js:43:30","line":"43"}
{"level":"info","time":"2018-07-23 18:07:05","msg":"my new message","desc":"","stg":"101","file":"/Users/chiragbansal/Desktop/FlexiEle-Angular/fe-erp-server/fe-server/index.js:43:30","line":"43"}
{"level":"info","time":"2018-07-23 18:07:29","msg":"my new message","desc":"","stg":"101","file":"/Users/chiragbansal/Desktop/FlexiEle-Angular/fe-erp-server/fe-server/index.js:43:30","line":"43"}
{"level":"info","time":"2018-07-23 18:07:35","msg":"my new message","desc":"","stg":"101","file":"/Users/chiragbansal/Desktop/FlexiEle-Angular/fe-erp-server/fe-server/index.js:43:30","line":"43"}
{"level":"info","time":"2018-07-23 18:07:89","msg":"my new message","desc":"","stg":"101","file":"/Users/chiragbansal/Desktop/FlexiEle-Angular/fe-erp-server/fe-server/index.js:43:30","line":"43"}
{"level":"info","time":"2018-07-23 18:07:88","msg":"my new message","desc":"","stg":"101","file":"/Users/chiragbansal/Desktop/FlexiEle-Angular/fe-erp-server/fe-server/index.js:43:30","line":"43"}
{"level":"info","time":"2018-07-23 18:07:72","msg":"my new message","desc":"","stg":"101","file":"/Users/chiragbansal/Desktop/FlexiEle-Angular/fe-erp-server/fe-server/index.js:43:30","line":"43"}
{"level":"info","time":"2018-07-23 18:07:37","msg":"my new message","desc":"","stg":"101","file":"/Users/chiragbansal/Desktop/FlexiEle-Angular/fe-erp-server/fe-server/index.js:43:30","line":"43"}
{"level":"info","time":"2018-07-23 19:07:60","msg":"my new message","desc":"","stg":"101","file":"/Users/chiragbansal/Desktop/FlexiEle-Angular/fe-erp-server/fe-server/index.js:43:30","line":"43"}
{"level":"info","time":"2018-07-23 19:07:35","msg":"my new message","desc":"","stg":"101","file":"/Users/chiragbansal/Desktop/FlexiEle-Angular/fe-erp-server/fe-server/index.js:43:30","line":"43"}
{"level":"info","time":"2018-07-23 19:07:89","msg":"my new message","desc":"","stg":"101","file":"/Users/chiragbansal/Desktop/FlexiEle-Angular/fe-erp-server/fe-server/index.js:43:30","line":"43"}
{"level":"info","time":"2018-07-23 19:07:61","msg":"my new message","desc":"","stg":"101","file":"/Users/chiragbansal/Desktop/FlexiEle-Angular/fe-erp-server/fe-server/index.js:43:30","line":"43"}
{"level":"info","time":"2018-07-23 19:07:58","msg":"my new message","desc":"","stg":"101","file":"/Users/chiragbansal/Desktop/FlexiEle-Angular/fe-erp-server/fe-server/index.js:43:30","line":"43"}
{"level":"info","time":"2018-07-23 19:07:02","msg":"my new message","desc":"","stg":"101","file":"/Users/chiragbansal/Desktop/FlexiEle-Angular/fe-erp-server/fe-server/index.js:43:30","line":"43"}
{"level":"info","time":"2018-07-23 19:07:25","msg":"my new message","desc":"","stg":"101","file":"/Users/chiragbansal/Desktop/FlexiEle-Angular/fe-erp-server/fe-server/index.js:43:30","line":"43"}
{"level":"info","time":"2018-07-23 20:07:50","msg":"my new message","desc":"","stg":"101","file":"/Users/chiragbansal/Desktop/FlexiEle-Angular/fe-erp-server/fe-server/index.js:43:30","line":"43"}
{"level":"info","time":"2018-07-23 20:07:75","msg":"my new message","desc":"","stg":"101","file":"/Users/chiragbansal/Desktop/FlexiEle-Angular/fe-erp-server/fe-server/index.js:43:30","line":"43"}
{"level":"info","time":"2018-07-23 20:07:51","msg":"my new message","desc":"","stg":"101","file":"/Users/chiragbansal/Desktop/FlexiEle-Angular/fe-erp-server/fe-server/index.js:43:30","line":"43"}
{"level":"info","time":"2018-07-23 20:07:02","msg":"my new message","desc":"","stg":"101","file":"/Users/chiragbansal/Desktop/FlexiEle-Angular/fe-erp-server/fe-server/index.js:43:30","line":"43"}
{"level":"info","time":"2018-07-23 20:07:69","msg":"my new message","desc":"","stg":"101","file":"/Users/chiragbansal/Desktop/FlexiEle-Angular/fe-erp-server/fe-server/index.js:43:30","line":"43"}
{"level":"info","time":"2018-07-23 20:07:30","msg":"my new message","desc":"","stg":"101","file":"/Users/chiragbansal/Desktop/FlexiEle-Angular/fe-erp-server/fe-server/index.js:43:30","line":"43"}
{"level":"info","time":"2018-07-23 21:07:15","msg":"my new message","desc":"","stg":"101","file":"/Users/chiragbansal/Desktop/FlexiEle-Angular/fe-erp-server/fe-server/index.js:43:30","line":"43"}
{"level":"info","time":"2018-07-23 22:07:93","msg":"my new message","desc":"","stg":"101","file":"/home/properchels/Documents/flexiEle/latest/fe-erp-server/fe-server/index.js:43:30","line":"43"}
{"level":"info","time":"2018-07-23 22:07:85","msg":"my new message","desc":"","stg":"101","file":"/home/properchels/Documents/flexiEle/latest/fe-erp-server/fe-server/index.js:43:30","line":"43"}
{"level":"info","time":"2018-07-23 22:07:06","msg":"my new message","desc":"","stg":"101","file":"/home/properchels/Documents/flexiEle/latest/fe-erp-server/fe-server/index.js:43:30","line":"43"}
{"level":"info","time":"2018-07-23 22:07:61","msg":"my new message","desc":"","stg":"101","file":"/home/properchels/Documents/flexiEle/latest/fe-erp-server/fe-server/index.js:43:30","line":"43"}
{"level":"info","time":"2018-07-23 22:07:60","msg":"my new message","desc":"","stg":"101","file":"/home/properchels/Documents/flexiEle/latest/fe-erp-server/fe-server/index.js:43:30","line":"43"}
{"level":"info","time":"2018-07-23 22:07:27","msg":"my new message","desc":"","stg":"101","file":"/home/properchels/Documents/flexiEle/latest/fe-erp-server/fe-server/index.js:43:30","line":"43"}
{"level":"info","time":"2018-07-23 22:07:89","msg":"my new message","desc":"","stg":"101","file":"/home/properchels/Documents/flexiEle/latest/fe-erp-server/fe-server/index.js:43:30","line":"43"}
{"level":"info","time":"2018-07-23 22:07:48","msg":"my new message","desc":"","stg":"101","file":"/home/properchels/Documents/flexiEle/latest/fe-erp-server/fe-server/index.js:43:30","line":"43"}
